<?xml version="1.0" encoding="UTF-8"?>
<!-- Generated by org.testng.reporters.JUnitReportReporter -->
<testsuite hostname="LAPTOP-5E3MODR9" name="com.shopcart.qa.testcases.LoginPageTest" tests="5" failures="0" timestamp="6 Mar 2020 12:54:48 GMT" time="129.643" errors="0">
  <testcase name="ShopVersionTest" time="22.565" classname="com.shopcart.qa.testcases.LoginPageTest"/>
  <testcase name="loginTest" time="22.820" classname="com.shopcart.qa.testcases.LoginPageTest"/>
  <testcase name="loginPageTitleTest" time="33.234" classname="com.shopcart.qa.testcases.LoginPageTest"/>
  <testcase name="ShoplogoImg" time="29.178" classname="com.shopcart.qa.testcases.LoginPageTest"/>
  <testcase name="ShopcartImgTest" time="21.846" classname="com.shopcart.qa.testcases.LoginPageTest"/>
</testsuite> <!-- com.shopcart.qa.testcases.LoginPageTest -->
