<?xml version="1.0" encoding="UTF-8"?>
<!-- Generated by org.testng.reporters.JUnitReportReporter -->
<testsuite hostname="LAPTOP-5E3MODR9" name="com.shopcart.qa.testcases.OrdersPageTest" tests="8" failures="0" timestamp="10 Mar 2020 07:23:28 GMT" time="258.868" errors="0">
  <testcase name="validateStatuses" time="30.484" classname="com.shopcart.qa.testcases.OrdersPageTest"/>
  <testcase name="validateOrders" time="43.725" classname="com.shopcart.qa.testcases.OrdersPageTest"/>
  <testcase name="validateInvoice" time="32.235" classname="com.shopcart.qa.testcases.OrdersPageTest"/>
  <testcase name="validateOrderMessages" time="23.706" classname="com.shopcart.qa.testcases.OrdersPageTest"/>
  <testcase name="customerPage" time="20.526" classname="com.shopcart.qa.testcases.OrdersPageTest"/>
  <testcase name="validateMerchandise_Returns" time="31.305" classname="com.shopcart.qa.testcases.OrdersPageTest"/>
  <testcase name="validateCreditSlips" time="22.930" classname="com.shopcart.qa.testcases.OrdersPageTest"/>
  <testcase name="validateDeliverySlips" time="53.957" classname="com.shopcart.qa.testcases.OrdersPageTest"/>
</testsuite> <!-- com.shopcart.qa.testcases.OrdersPageTest -->
