<?xml version="1.0" encoding="UTF-8"?>
<!-- Generated by org.testng.reporters.JUnitReportReporter -->
<testsuite hostname="LAPTOP-5E3MODR9" name="com.shopcart.qa.testcases.HomePageTest" tests="9" failures="0" timestamp="7 Mar 2020 05:53:26 GMT" time="333.636" errors="0">
  <testcase name="verifyHomePageTitleTest" time="25.309" classname="com.shopcart.qa.testcases.HomePageTest"/>
  <testcase name="searchMenuTest" time="42.546" classname="com.shopcart.qa.testcases.HomePageTest"/>
  <testcase name="verifySystemAdminLinkTest" time="66.111" classname="com.shopcart.qa.testcases.HomePageTest"/>
  <testcase name="verifyDashbrdTest" time="29.360" classname="com.shopcart.qa.testcases.HomePageTest"/>
  <testcase name="menuListSizeTest" time="27.469" classname="com.shopcart.qa.testcases.HomePageTest"/>
  <testcase name="verifyQuickAcessTest" time="34.968" classname="com.shopcart.qa.testcases.HomePageTest"/>
  <testcase name="verifyHelpLinkTest" time="36.747" classname="com.shopcart.qa.testcases.HomePageTest"/>
  <testcase name="verifyCartTest" time="41.275" classname="com.shopcart.qa.testcases.HomePageTest"/>
  <testcase name="CatalogPageTest" time="29.851" classname="com.shopcart.qa.testcases.HomePageTest"/>
</testsuite> <!-- com.shopcart.qa.testcases.HomePageTest -->
