<?xml version="1.0" encoding="UTF-8"?>
<!-- Generated by org.testng.reporters.JUnitReportReporter -->
<testsuite hostname="LAPTOP-5E3MODR9" name="com.shopcart.qa.testcases.HomePageTest" tests="9" failures="0" timestamp="10 Mar 2020 07:08:33 GMT" time="205.432" errors="0">
  <testcase name="searchMenuTest" time="26.548" classname="com.shopcart.qa.testcases.HomePageTest"/>
  <testcase name="verifyHelpLinkTest" time="22.072" classname="com.shopcart.qa.testcases.HomePageTest"/>
  <testcase name="menuListSizeTest" time="19.020" classname="com.shopcart.qa.testcases.HomePageTest"/>
  <testcase name="CatalogPageTest" time="15.428" classname="com.shopcart.qa.testcases.HomePageTest"/>
  <testcase name="verifyQuickAcessTest" time="24.282" classname="com.shopcart.qa.testcases.HomePageTest"/>
  <testcase name="verifyHomePageTitleTest" time="16.414" classname="com.shopcart.qa.testcases.HomePageTest"/>
  <testcase name="verifySystemAdminLinkTest" time="27.694" classname="com.shopcart.qa.testcases.HomePageTest"/>
  <testcase name="verifyDashbrdTest" time="29.394" classname="com.shopcart.qa.testcases.HomePageTest"/>
  <testcase name="verifyCartTest" time="24.580" classname="com.shopcart.qa.testcases.HomePageTest"/>
</testsuite> <!-- com.shopcart.qa.testcases.HomePageTest -->
