<?xml version="1.0" encoding="UTF-8"?>
<!-- Generated by org.testng.reporters.JUnitReportReporter -->
<testsuite hostname="LAPTOP-5E3MODR9" name="com.shopcart.qa.testcases.LoginPageTest" tests="6" failures="0" timestamp="10 Mar 2020 07:08:33 GMT" time="97.008" errors="0">
  <testcase name="ShopcartImgTest" time="14.801" classname="com.shopcart.qa.testcases.LoginPageTest"/>
  <testcase name="ShopVersionTest" time="15.289" classname="com.shopcart.qa.testcases.LoginPageTest"/>
  <testcase name="ShoplogoImg" time="14.833" classname="com.shopcart.qa.testcases.LoginPageTest"/>
  <testcase name="loginTest" time="20.902" classname="com.shopcart.qa.testcases.LoginPageTest"/>
  <testcase name="loginPageTitleTest" time="15.251" classname="com.shopcart.qa.testcases.LoginPageTest"/>
  <testcase name="HomePage" time="15.932" classname="com.shopcart.qa.testcases.LoginPageTest"/>
</testsuite> <!-- com.shopcart.qa.testcases.LoginPageTest -->
